2025-04-05 09:31:14.027 +02:00 [INF] Starting MinimalTransform application
2025-04-05 09:31:14.625 +02:00 [INF] 🌐 Application running at: http://localhost:5111
2025-04-05 09:31:16.297 +02:00 [WRN] Failed to determine the https port for redirect.
2025-04-05 09:34:30.976 +02:00 [INF] Application shutting down...
2025-04-05 09:42:28.231 +02:00 [INF] Starting MinimalTransform application
2025-04-05 09:42:28.806 +02:00 [INF] 🌐 Application running at: http://localhost:5111
2025-04-05 09:42:31.183 +02:00 [WRN] Failed to determine the https port for redirect.
2025-04-05 09:44:18.425 +02:00 [INF] Application shutting down...
2025-04-05 09:44:25.905 +02:00 [INF] Starting MinimalTransform application
2025-04-05 09:44:26.492 +02:00 [INF] 🌐 Application running at: http://localhost:5111
2025-04-05 09:44:29.206 +02:00 [WRN] Failed to determine the https port for redirect.
2025-04-05 09:49:26.387 +02:00 [INF] 🔄 Performing periodic log flush
2025-04-05 10:56:06.932 +02:00 [INF] Starting MinimalTransform application
2025-04-05 10:56:07.453 +02:00 [INF] 🌐 Application running at: http://localhost:5111
2025-04-05 10:56:17.888 +02:00 [WRN] Failed to determine the https port for redirect.
2025-04-05 11:01:07.389 +02:00 [INF] 🔄 Performing periodic log flush
2025-04-05 11:13:08.399 +02:00 [INF] Starting MinimalTransform application
2025-04-05 11:13:08.885 +02:00 [INF] 🌐 Application running at: http://localhost:5111
2025-04-05 11:13:12.218 +02:00 [WRN] Failed to determine the https port for redirect.
2025-04-05 11:18:08.862 +02:00 [INF] 🔄 Performing periodic log flush
2025-04-05 11:20:43.390 +02:00 [INF] Starting MinimalTransform application
2025-04-05 11:20:44.277 +02:00 [INF] 🌐 Application running at: http://localhost:5111
2025-04-05 11:21:24.800 +02:00 [INF] Application shutting down...
2025-04-05 15:11:38.695 +02:00 [INF] Starting MinimalTransform application
2025-04-05 15:11:39.396 +02:00 [INF] 🌐 Application running at: http://localhost:5111
2025-04-05 15:11:42.370 +02:00 [WRN] Failed to determine the https port for redirect.
2025-04-05 15:12:55.488 +02:00 [ERR] An unhandled exception has occurred while executing the request.
Microsoft.AspNetCore.Http.BadHttpRequestException: Failed to read parameter "string jsonString" from the request body as JSON.
 ---> System.Text.Json.JsonException: The JSON value could not be converted to System.String. Path: $ | LineNumber: 0 | BytePositionInLine: 1.
 ---> System.InvalidOperationException: Cannot get the value of a token type 'StartObject' as a string.
   at System.Text.Json.ThrowHelper.ThrowInvalidOperationException_ExpectedString(JsonTokenType tokenType)
   at System.Text.Json.Utf8JsonReader.GetString()
   at System.Text.Json.Serialization.Converters.StringConverter.Read(Utf8JsonReader& reader, Type typeToConvert, JsonSerializerOptions options)
   at System.Text.Json.Serialization.JsonConverter`1.TryRead(Utf8JsonReader& reader, Type typeToConvert, JsonSerializerOptions options, ReadStack& state, T& value, Boolean& isPopulatedValue)
   at System.Text.Json.Serialization.JsonConverter`1.ReadCore(Utf8JsonReader& reader, T& value, JsonSerializerOptions options, ReadStack& state)
   --- End of inner exception stack trace ---
   at System.Text.Json.ThrowHelper.ReThrowWithPath(ReadStack& state, Utf8JsonReader& reader, Exception ex)
   at System.Text.Json.Serialization.JsonConverter`1.ReadCore(Utf8JsonReader& reader, T& value, JsonSerializerOptions options, ReadStack& state)
   at System.Text.Json.Serialization.Metadata.JsonTypeInfo`1.ContinueDeserialize(ReadBufferState& bufferState, JsonReaderState& jsonReaderState, ReadStack& readStack, T& value)
   at System.Text.Json.Serialization.Metadata.JsonTypeInfo`1.DeserializeAsync(Stream utf8Json, CancellationToken cancellationToken)
   at System.Text.Json.Serialization.Metadata.JsonTypeInfo`1.DeserializeAsObjectAsync(Stream utf8Json, CancellationToken cancellationToken)
   at Microsoft.AspNetCore.Http.HttpRequestJsonExtensions.ReadFromJsonAsync(HttpRequest request, JsonTypeInfo jsonTypeInfo, CancellationToken cancellationToken)
   at Microsoft.AspNetCore.Http.HttpRequestJsonExtensions.ReadFromJsonAsync(HttpRequest request, JsonTypeInfo jsonTypeInfo, CancellationToken cancellationToken)
   at Microsoft.AspNetCore.Http.RequestDelegateFactory.<HandleRequestBodyAndCompileRequestDelegateForJson>g__TryReadBodyAsync|102_0(HttpContext httpContext, Type bodyType, String parameterTypeName, String parameterName, Boolean allowEmptyRequestBody, Boolean throwOnBadRequest, JsonTypeInfo jsonTypeInfo)
   --- End of inner exception stack trace ---
   at Microsoft.AspNetCore.Http.RequestDelegateFactory.Log.InvalidJsonRequestBody(HttpContext httpContext, String parameterTypeName, String parameterName, Exception exception, Boolean shouldThrow)
   at Microsoft.AspNetCore.Http.RequestDelegateFactory.<HandleRequestBodyAndCompileRequestDelegateForJson>g__TryReadBodyAsync|102_0(HttpContext httpContext, Type bodyType, String parameterTypeName, String parameterName, Boolean allowEmptyRequestBody, Boolean throwOnBadRequest, JsonTypeInfo jsonTypeInfo)
   at Microsoft.AspNetCore.Http.RequestDelegateFactory.<>c__DisplayClass102_2.<<HandleRequestBodyAndCompileRequestDelegateForJson>b__2>d.MoveNext()
--- End of stack trace from previous location ---
   at MinimalTransform.Middleware.StaticFileMiddleware.InvokeAsync(HttpContext context) in C:\Github\minimaltransform\Source\MinimalTransform\Middleware\StaticFileMiddleware.cs:line 41
   at MinimalTransform.Middleware.ApiKeyMiddleware.InvokeAsync(HttpContext context) in C:\Github\minimaltransform\Source\MinimalTransform\Middleware\ApiKeyMiddleware.cs:line 36
   at Swashbuckle.AspNetCore.SwaggerUI.SwaggerUIMiddleware.Invoke(HttpContext httpContext)
   at Swashbuckle.AspNetCore.Swagger.SwaggerMiddleware.Invoke(HttpContext httpContext, ISwaggerProvider swaggerProvider)
   at Microsoft.AspNetCore.Diagnostics.DeveloperExceptionPageMiddlewareImpl.Invoke(HttpContext context)
2025-04-05 15:16:39.302 +02:00 [INF] 🔄 Performing periodic log flush
2025-04-05 15:18:53.687 +02:00 [INF] Starting MinimalTransform application
2025-04-05 15:18:54.401 +02:00 [INF] 🌐 Application running at: http://localhost:5111
2025-04-05 15:18:59.807 +02:00 [WRN] Failed to determine the https port for redirect.
2025-04-05 15:19:01.745 +02:00 [ERR] An unhandled exception has occurred while executing the request.
Microsoft.AspNetCore.Http.BadHttpRequestException: Failed to read parameter "string jsonString" from the request body as JSON.
 ---> System.Text.Json.JsonException: The JSON value could not be converted to System.String. Path: $ | LineNumber: 0 | BytePositionInLine: 1.
 ---> System.InvalidOperationException: Cannot get the value of a token type 'StartObject' as a string.
   at System.Text.Json.ThrowHelper.ThrowInvalidOperationException_ExpectedString(JsonTokenType tokenType)
   at System.Text.Json.Utf8JsonReader.GetString()
   at System.Text.Json.Serialization.Converters.StringConverter.Read(Utf8JsonReader& reader, Type typeToConvert, JsonSerializerOptions options)
   at System.Text.Json.Serialization.JsonConverter`1.TryRead(Utf8JsonReader& reader, Type typeToConvert, JsonSerializerOptions options, ReadStack& state, T& value, Boolean& isPopulatedValue)
   at System.Text.Json.Serialization.JsonConverter`1.ReadCore(Utf8JsonReader& reader, T& value, JsonSerializerOptions options, ReadStack& state)
   --- End of inner exception stack trace ---
   at System.Text.Json.ThrowHelper.ReThrowWithPath(ReadStack& state, Utf8JsonReader& reader, Exception ex)
   at System.Text.Json.Serialization.JsonConverter`1.ReadCore(Utf8JsonReader& reader, T& value, JsonSerializerOptions options, ReadStack& state)
   at System.Text.Json.Serialization.Metadata.JsonTypeInfo`1.ContinueDeserialize(ReadBufferState& bufferState, JsonReaderState& jsonReaderState, ReadStack& readStack, T& value)
   at System.Text.Json.Serialization.Metadata.JsonTypeInfo`1.DeserializeAsync(Stream utf8Json, CancellationToken cancellationToken)
   at System.Text.Json.Serialization.Metadata.JsonTypeInfo`1.DeserializeAsObjectAsync(Stream utf8Json, CancellationToken cancellationToken)
   at Microsoft.AspNetCore.Http.HttpRequestJsonExtensions.ReadFromJsonAsync(HttpRequest request, JsonTypeInfo jsonTypeInfo, CancellationToken cancellationToken)
   at Microsoft.AspNetCore.Http.HttpRequestJsonExtensions.ReadFromJsonAsync(HttpRequest request, JsonTypeInfo jsonTypeInfo, CancellationToken cancellationToken)
   at Microsoft.AspNetCore.Http.RequestDelegateFactory.<HandleRequestBodyAndCompileRequestDelegateForJson>g__TryReadBodyAsync|102_0(HttpContext httpContext, Type bodyType, String parameterTypeName, String parameterName, Boolean allowEmptyRequestBody, Boolean throwOnBadRequest, JsonTypeInfo jsonTypeInfo)
   --- End of inner exception stack trace ---
   at Microsoft.AspNetCore.Http.RequestDelegateFactory.Log.InvalidJsonRequestBody(HttpContext httpContext, String parameterTypeName, String parameterName, Exception exception, Boolean shouldThrow)
   at Microsoft.AspNetCore.Http.RequestDelegateFactory.<HandleRequestBodyAndCompileRequestDelegateForJson>g__TryReadBodyAsync|102_0(HttpContext httpContext, Type bodyType, String parameterTypeName, String parameterName, Boolean allowEmptyRequestBody, Boolean throwOnBadRequest, JsonTypeInfo jsonTypeInfo)
   at Microsoft.AspNetCore.Http.RequestDelegateFactory.<>c__DisplayClass102_2.<<HandleRequestBodyAndCompileRequestDelegateForJson>b__2>d.MoveNext()
--- End of stack trace from previous location ---
   at MinimalTransform.Middleware.StaticFileMiddleware.InvokeAsync(HttpContext context) in C:\Github\minimaltransform\Source\MinimalTransform\Middleware\StaticFileMiddleware.cs:line 41
   at Swashbuckle.AspNetCore.SwaggerUI.SwaggerUIMiddleware.Invoke(HttpContext httpContext)
   at Swashbuckle.AspNetCore.Swagger.SwaggerMiddleware.Invoke(HttpContext httpContext, ISwaggerProvider swaggerProvider)
   at Microsoft.AspNetCore.Diagnostics.DeveloperExceptionPageMiddlewareImpl.Invoke(HttpContext context)
2025-04-05 15:23:54.325 +02:00 [INF] 🔄 Performing periodic log flush
2025-04-05 15:26:02.430 +02:00 [INF] Starting MinimalTransform application
2025-04-05 15:26:03.048 +02:00 [INF] 🌐 Application running at: http://localhost:5111
2025-04-05 15:26:05.009 +02:00 [WRN] Failed to determine the https port for redirect.
2025-04-05 15:31:00.787 +02:00 [INF] Application shutting down...
2025-04-05 15:48:08.103 +02:00 [INF] Starting MinimalTransform application
2025-04-05 15:48:08.619 +02:00 [INF] 🌐 Application running at: http://localhost:5111
2025-04-05 15:48:13.853 +02:00 [WRN] Failed to determine the https port for redirect.
2025-04-05 15:48:44.216 +02:00 [INF] Application shutting down...
2025-04-05 16:04:26.786 +02:00 [INF] Starting MinimalTransform application
2025-04-05 16:04:27.425 +02:00 [INF] 🌐 Application running at: http://localhost:5111
2025-04-05 16:04:28.427 +02:00 [WRN] Failed to determine the https port for redirect.
2025-04-05 16:05:59.708 +02:00 [INF] Application shutting down...
2025-04-05 16:06:23.739 +02:00 [INF] Starting MinimalTransform application
2025-04-05 16:06:24.123 +02:00 [INF] Received a route request...
2025-04-05 16:06:24.280 +02:00 [INF] 🌐 Application running at: http://localhost:5111
2025-04-05 16:06:25.598 +02:00 [WRN] Failed to determine the https port for redirect.
2025-04-05 16:07:35.020 +02:00 [INF] Application shutting down...
2025-04-05 16:07:39.014 +02:00 [INF] Starting MinimalTransform application
2025-04-05 16:07:39.366 +02:00 [INF] Received a route request...
2025-04-05 16:07:39.487 +02:00 [INF] 🌐 Application running at: http://localhost:5111
2025-04-05 16:07:40.411 +02:00 [WRN] Failed to determine the https port for redirect.
2025-04-05 16:11:48.874 +02:00 [INF] Application shutting down...
2025-04-05 16:11:53.032 +02:00 [INF] Starting MinimalTransform application
2025-04-05 16:11:53.555 +02:00 [INF] Received a route request...
2025-04-05 16:11:53.792 +02:00 [INF] 🌐 Application running at: http://localhost:5111
2025-04-05 16:11:56.882 +02:00 [WRN] Failed to determine the https port for redirect.
