2025-04-04 09:57:39.597 +02:00 [INF] Starting MinimalTransform application
2025-04-04 09:57:40.143 +02:00 [INF] 🌐 Application running at: http://localhost:5111
2025-04-04 09:57:42.560 +02:00 [WRN] Failed to determine the https port for redirect.
2025-04-04 09:59:39.252 +02:00 [INF] Application shutting down...
2025-04-04 10:00:19.003 +02:00 [INF] Starting MinimalTransform application
2025-04-04 10:00:19.497 +02:00 [INF] 🌐 Application running at: http://localhost:5111
2025-04-04 10:00:21.467 +02:00 [WRN] Failed to determine the https port for redirect.
2025-04-04 10:03:31.520 +02:00 [INF] Application shutting down...
2025-04-04 10:03:36.614 +02:00 [INF] Starting MinimalTransform application
2025-04-04 10:03:37.114 +02:00 [INF] 🌐 Application running at: http://localhost:5111
2025-04-04 10:05:40.422 +02:00 [INF] Application shutting down...
2025-04-04 10:11:58.800 +02:00 [INF] Starting MinimalTransform application
2025-04-04 10:11:59.219 +02:00 [INF] 🌐 Application running at: http://localhost:5111
2025-04-04 10:12:05.839 +02:00 [WRN] Failed to determine the https port for redirect.
2025-04-04 10:12:13.048 +02:00 [ERR] An unhandled exception has occurred while executing the request.
Microsoft.AspNetCore.Routing.Matching.AmbiguousMatchException: The request matched multiple endpoints. Matches: 

HTTP: GET /
HTTP: GET /
Fallback {*path:nonfile}
   at Microsoft.AspNetCore.Routing.Matching.DefaultEndpointSelector.ReportAmbiguity(Span`1 candidateState)
   at Microsoft.AspNetCore.Routing.Matching.DefaultEndpointSelector.ProcessFinalCandidates(HttpContext httpContext, Span`1 candidateState)
   at Microsoft.AspNetCore.Routing.Matching.DefaultEndpointSelector.Select(HttpContext httpContext, Span`1 candidateState)
   at Microsoft.AspNetCore.Routing.Matching.DfaMatcher.MatchAsync(HttpContext httpContext)
   at Microsoft.AspNetCore.Routing.EndpointRoutingMiddleware.Invoke(HttpContext httpContext)
   at Microsoft.AspNetCore.Diagnostics.DeveloperExceptionPageMiddlewareImpl.Invoke(HttpContext context)
2025-04-04 10:13:29.132 +02:00 [INF] Application shutting down...
2025-04-04 10:13:34.298 +02:00 [INF] Starting MinimalTransform application
2025-04-04 10:13:34.925 +02:00 [INF] 🌐 Application running at: http://localhost:5111
2025-04-04 10:13:36.151 +02:00 [ERR] An unhandled exception has occurred while executing the request.
Microsoft.AspNetCore.Routing.Matching.AmbiguousMatchException: The request matched multiple endpoints. Matches: 

HTTP: GET /
HTTP: GET /
Fallback {*path:nonfile}
Fallback {*path:nonfile}
   at Microsoft.AspNetCore.Routing.Matching.DefaultEndpointSelector.ReportAmbiguity(Span`1 candidateState)
   at Microsoft.AspNetCore.Routing.Matching.DefaultEndpointSelector.ProcessFinalCandidates(HttpContext httpContext, Span`1 candidateState)
   at Microsoft.AspNetCore.Routing.Matching.DefaultEndpointSelector.Select(HttpContext httpContext, Span`1 candidateState)
   at Microsoft.AspNetCore.Routing.Matching.DfaMatcher.MatchAsync(HttpContext httpContext)
   at Microsoft.AspNetCore.Routing.EndpointRoutingMiddleware.Invoke(HttpContext httpContext)
   at Microsoft.AspNetCore.Diagnostics.DeveloperExceptionPageMiddlewareImpl.Invoke(HttpContext context)
2025-04-04 10:15:58.943 +02:00 [INF] Application shutting down...
2025-04-04 10:17:02.871 +02:00 [INF] Starting MinimalTransform application
2025-04-04 10:17:03.365 +02:00 [INF] 🌐 Application running at: http://localhost:5111
2025-04-04 10:17:04.426 +02:00 [WRN] Failed to determine the https port for redirect.
2025-04-04 10:19:17.652 +02:00 [INF] Application shutting down...
2025-04-04 10:19:39.049 +02:00 [INF] Starting MinimalTransform application
2025-04-04 10:19:39.669 +02:00 [INF] 🌐 Application running at: http://localhost:5111
2025-04-04 10:19:39.970 +02:00 [WRN] Failed to determine the https port for redirect.
2025-04-04 10:21:26.849 +02:00 [INF] Application shutting down...
2025-04-04 10:21:31.587 +02:00 [INF] Starting MinimalTransform application
2025-04-04 10:21:32.167 +02:00 [INF] 🌐 Application running at: http://localhost:5111
2025-04-04 10:21:45.468 +02:00 [WRN] Failed to determine the https port for redirect.
2025-04-04 10:23:29.787 +02:00 [INF] Application shutting down...
2025-04-04 10:32:27.680 +02:00 [INF] Starting MinimalTransform application
2025-04-04 10:32:28.133 +02:00 [INF] 🌐 Application running at: http://localhost:5111
2025-04-04 10:32:44.167 +02:00 [WRN] Failed to determine the https port for redirect.
2025-04-04 10:36:48.943 +02:00 [INF] Application shutting down...
2025-04-04 10:37:02.028 +02:00 [INF] Starting MinimalTransform application
2025-04-04 10:37:02.551 +02:00 [INF] 🌐 Application running at: http://localhost:5111
2025-04-04 10:37:15.350 +02:00 [WRN] Failed to determine the https port for redirect.
2025-04-04 10:42:02.480 +02:00 [INF] 🔄 Performing periodic log flush
2025-04-04 10:48:39.501 +02:00 [INF] Starting MinimalTransform application
2025-04-04 10:48:40.112 +02:00 [INF] 🌐 Application running at: http://localhost:5111
2025-04-04 10:48:40.468 +02:00 [WRN] Failed to determine the https port for redirect.
2025-04-04 10:53:11.196 +02:00 [INF] Application shutting down...
2025-04-04 10:53:26.847 +02:00 [INF] Starting MinimalTransform application
2025-04-04 10:53:27.350 +02:00 [INF] 🌐 Application running at: http://localhost:5111
2025-04-04 10:54:12.517 +02:00 [INF] Application shutting down...
2025-04-04 10:56:16.525 +02:00 [INF] Starting MinimalTransform application
2025-04-04 10:56:17.101 +02:00 [INF] 🌐 Application running at: http://localhost:5111
2025-04-04 10:56:45.708 +02:00 [WRN] Failed to determine the https port for redirect.
2025-04-04 10:59:00.057 +02:00 [INF] Application shutting down...
2025-04-04 10:59:27.716 +02:00 [INF] Starting MinimalTransform application
2025-04-04 10:59:28.238 +02:00 [INF] 🌐 Application running at: http://localhost:5111
2025-04-04 10:59:56.066 +02:00 [INF] Application shutting down...
2025-04-04 11:00:00.972 +02:00 [INF] Starting MinimalTransform application
2025-04-04 11:00:01.563 +02:00 [INF] 🌐 Application running at: http://localhost:5111
2025-04-04 11:01:51.192 +02:00 [INF] Application shutting down...
2025-04-04 11:01:56.363 +02:00 [INF] Starting MinimalTransform application
2025-04-04 11:01:56.975 +02:00 [INF] 🌐 Application running at: http://localhost:5111
2025-04-04 11:04:11.353 +02:00 [INF] Application shutting down...
2025-04-04 11:04:16.981 +02:00 [INF] Starting MinimalTransform application
2025-04-04 11:04:17.729 +02:00 [INF] 🌐 Application running at: http://localhost:5111
2025-04-04 11:04:38.199 +02:00 [INF] Application shutting down...
2025-04-04 11:05:16.183 +02:00 [INF] Starting MinimalTransform application
2025-04-04 11:05:16.723 +02:00 [INF] 🌐 Application running at: http://localhost:5111
2025-04-04 11:09:22.922 +02:00 [INF] Application shutting down...
2025-04-04 11:09:27.980 +02:00 [INF] Starting MinimalTransform application
2025-04-04 11:09:28.473 +02:00 [INF] 🌐 Application running at: http://localhost:5111
2025-04-04 11:09:28.735 +02:00 [WRN] Failed to determine the https port for redirect.
2025-04-04 11:11:13.816 +02:00 [INF] Application shutting down...
2025-04-04 11:11:20.793 +02:00 [INF] Starting MinimalTransform application
2025-04-04 11:11:21.304 +02:00 [INF] 🌐 Application running at: http://localhost:5111
2025-04-04 11:11:21.552 +02:00 [WRN] Failed to determine the https port for redirect.
2025-04-04 11:13:14.903 +02:00 [INF] Application shutting down...
2025-04-04 11:16:41.602 +02:00 [INF] Starting MinimalTransform application
2025-04-04 11:16:42.158 +02:00 [INF] 🌐 Application running at: http://localhost:5111
2025-04-04 11:16:43.855 +02:00 [WRN] Failed to determine the https port for redirect.
2025-04-04 11:21:42.110 +02:00 [INF] 🔄 Performing periodic log flush
2025-04-04 11:37:45.353 +02:00 [INF] Starting MinimalTransform application
2025-04-04 11:37:45.840 +02:00 [INF] 🌐 Application running at: http://localhost:5111
2025-04-04 11:37:46.133 +02:00 [WRN] Failed to determine the https port for redirect.
2025-04-04 11:42:45.786 +02:00 [INF] 🔄 Performing periodic log flush
2025-04-04 11:45:09.461 +02:00 [INF] Starting MinimalTransform application
2025-04-04 11:45:09.943 +02:00 [INF] 🌐 Application running at: http://localhost:5111
2025-04-04 11:45:10.221 +02:00 [WRN] Failed to determine the https port for redirect.
2025-04-04 11:50:09.886 +02:00 [INF] 🔄 Performing periodic log flush
2025-04-04 11:59:55.857 +02:00 [INF] Starting MinimalTransform application
2025-04-04 11:59:56.563 +02:00 [INF] 🌐 Application running at: http://localhost:5111
2025-04-04 11:59:57.868 +02:00 [WRN] Failed to determine the https port for redirect.
2025-04-04 12:04:56.518 +02:00 [INF] 🔄 Performing periodic log flush
2025-04-04 12:55:44.821 +02:00 [INF] Starting MinimalTransform application
2025-04-04 12:55:45.358 +02:00 [INF] 🌐 Application running at: http://localhost:5111
2025-04-04 12:55:48.231 +02:00 [WRN] Failed to determine the https port for redirect.
2025-04-04 13:00:45.272 +02:00 [INF] 🔄 Performing periodic log flush
